🔨 Building CompliSense Agent for macOS...
==========================================
❌ Error: agent_gui.py not found
Please run this script from the project root directory
🔨 Building CompliSense Agent for macOS...
==========================================
🔄 Activating virtual environment...
📚 Installing dependencies...
Requirement already satisfied: pip in ./venv/lib/python3.9/site-packages (23.3.2)
Collecting pip
  Using cached pip-25.3-py3-none-any.whl.metadata (4.7 kB)
Using cached pip-25.3-py3-none-any.whl (1.8 MB)
Installing collected packages: pip
  Attempting uninstall: pip
    Found existing installation: pip 23.3.2
    Uninstalling pip-23.3.2:
      Successfully uninstalled pip-23.3.2
Successfully installed pip-25.3
Requirement already satisfied: rule-engine in ./venv/lib/python3.9/site-packages (from -r requirements.txt (line 1)) (4.5.3)
Requirement already satisfied: pydantic in ./venv/lib/python3.9/site-packages (from -r requirements.txt (line 2)) (2.11.10)
Requirement already satisfied: pyyaml in ./venv/lib/python3.9/site-packages (from -r requirements.txt (line 3)) (6.0.3)
Requirement already satisfied: jsonschema in ./venv/lib/python3.9/site-packages (from -r requirements.txt (line 4)) (4.25.1)
Requirement already satisfied: click in ./venv/lib/python3.9/site-packages (from -r requirements.txt (line 5)) (8.1.8)
Requirement already satisfied: fastapi in ./venv/lib/python3.9/site-packages (from -r requirements.txt (line 6)) (0.118.0)
Requirement already satisfied: uvicorn in ./venv/lib/python3.9/site-packages (from -r requirements.txt (line 7)) (0.37.0)
Requirement already satisfied: jinja2 in ./venv/lib/python3.9/site-packages (from -r requirements.txt (line 8)) (3.1.6)
Requirement already satisfied: weasyprint in ./venv/lib/python3.9/site-packages (from -r requirements.txt (line 9)) (66.0)
Requirement already satisfied: clibuilder in ./venv/lib/python3.9/site-packages (from -r requirements.txt (line 10)) (0.1.7)
Requirement already satisfied: pytest-cov in ./venv/lib/python3.9/site-packages (from -r requirements.txt (line 11)) (7.0.0)
Requirement already satisfied: pymongo in ./venv/lib/python3.9/site-packages (from -r requirements.txt (line 12)) (4.15.2)
Requirement already satisfied: python-dotenv in ./venv/lib/python3.9/site-packages (from -r requirements.txt (line 13)) (1.1.1)
Requirement already satisfied: python-multipart in ./venv/lib/python3.9/site-packages (from -r requirements.txt (line 17)) (0.0.20)
Requirement already satisfied: pyJWT in ./venv/lib/python3.9/site-packages (from -r requirements.txt (line 20)) (2.10.1)
Requirement already satisfied: requests in ./venv/lib/python3.9/site-packages (from -r requirements.txt (line 21)) (2.32.5)
Requirement already satisfied: pyinstaller in ./venv/lib/python3.9/site-packages (from -r requirements.txt (line 22)) (6.17.0)
Requirement already satisfied: cryptography in ./venv/lib/python3.9/site-packages (from -r requirements.txt (line 23)) (46.0.2)
Requirement already satisfied: python-jose[cryptography] in ./venv/lib/python3.9/site-packages (from -r requirements.txt (line 18)) (3.5.0)
Requirement already satisfied: passlib[bcrypt] in ./venv/lib/python3.9/site-packages (from -r requirements.txt (line 19)) (1.7.4)
Requirement already satisfied: ply>=3.9 in ./venv/lib/python3.9/site-packages (from rule-engine->-r requirements.txt (line 1)) (3.11)
Requirement already satisfied: python-dateutil~=2.7 in ./venv/lib/python3.9/site-packages (from rule-engine->-r requirements.txt (line 1)) (2.9.0.post0)
Requirement already satisfied: six>=1.5 in ./venv/lib/python3.9/site-packages (from python-dateutil~=2.7->rule-engine->-r requirements.txt (line 1)) (1.17.0)
Requirement already satisfied: annotated-types>=0.6.0 in ./venv/lib/python3.9/site-packages (from pydantic->-r requirements.txt (line 2)) (0.7.0)
Requirement already satisfied: pydantic-core==2.33.2 in ./venv/lib/python3.9/site-packages (from pydantic->-r requirements.txt (line 2)) (2.33.2)
Requirement already satisfied: typing-extensions>=4.12.2 in ./venv/lib/python3.9/site-packages (from pydantic->-r requirements.txt (line 2)) (4.15.0)
Requirement already satisfied: typing-inspection>=0.4.0 in ./venv/lib/python3.9/site-packages (from pydantic->-r requirements.txt (line 2)) (0.4.2)
Requirement already satisfied: attrs>=22.2.0 in ./venv/lib/python3.9/site-packages (from jsonschema->-r requirements.txt (line 4)) (25.4.0)
Requirement already satisfied: jsonschema-specifications>=2023.03.6 in ./venv/lib/python3.9/site-packages (from jsonschema->-r requirements.txt (line 4)) (2025.9.1)
Requirement already satisfied: referencing>=0.28.4 in ./venv/lib/python3.9/site-packages (from jsonschema->-r requirements.txt (line 4)) (0.36.2)
Requirement already satisfied: rpds-py>=0.7.1 in ./venv/lib/python3.9/site-packages (from jsonschema->-r requirements.txt (line 4)) (0.27.1)
Requirement already satisfied: starlette<0.49.0,>=0.40.0 in ./venv/lib/python3.9/site-packages (from fastapi->-r requirements.txt (line 6)) (0.48.0)
Requirement already satisfied: anyio<5,>=3.6.2 in ./venv/lib/python3.9/site-packages (from starlette<0.49.0,>=0.40.0->fastapi->-r requirements.txt (line 6)) (4.11.0)
Requirement already satisfied: exceptiongroup>=1.0.2 in ./venv/lib/python3.9/site-packages (from anyio<5,>=3.6.2->starlette<0.49.0,>=0.40.0->fastapi->-r requirements.txt (line 6)) (1.3.0)
Requirement already satisfied: idna>=2.8 in ./venv/lib/python3.9/site-packages (from anyio<5,>=3.6.2->starlette<0.49.0,>=0.40.0->fastapi->-r requirements.txt (line 6)) (3.10)
Requirement already satisfied: sniffio>=1.1 in ./venv/lib/python3.9/site-packages (from anyio<5,>=3.6.2->starlette<0.49.0,>=0.40.0->fastapi->-r requirements.txt (line 6)) (1.3.1)
Requirement already satisfied: h11>=0.8 in ./venv/lib/python3.9/site-packages (from uvicorn->-r requirements.txt (line 7)) (0.16.0)
Requirement already satisfied: MarkupSafe>=2.0 in ./venv/lib/python3.9/site-packages (from jinja2->-r requirements.txt (line 8)) (3.0.3)
Requirement already satisfied: pydyf>=0.11.0 in ./venv/lib/python3.9/site-packages (from weasyprint->-r requirements.txt (line 9)) (0.11.0)
Requirement already satisfied: cffi>=0.6 in ./venv/lib/python3.9/site-packages (from weasyprint->-r requirements.txt (line 9)) (2.0.0)
Requirement already satisfied: tinyhtml5>=2.0.0b1 in ./venv/lib/python3.9/site-packages (from weasyprint->-r requirements.txt (line 9)) (2.0.0)
Requirement already satisfied: tinycss2>=1.4.0 in ./venv/lib/python3.9/site-packages (from weasyprint->-r requirements.txt (line 9)) (1.4.0)
Requirement already satisfied: cssselect2>=0.8.0 in ./venv/lib/python3.9/site-packages (from weasyprint->-r requirements.txt (line 9)) (0.8.0)
Requirement already satisfied: Pyphen>=0.9.1 in ./venv/lib/python3.9/site-packages (from weasyprint->-r requirements.txt (line 9)) (0.17.2)
Requirement already satisfied: Pillow>=9.1.0 in ./venv/lib/python3.9/site-packages (from weasyprint->-r requirements.txt (line 9)) (11.3.0)
Requirement already satisfied: fonttools>=4.0.0 in ./venv/lib/python3.9/site-packages (from fonttools[woff]>=4.0.0->weasyprint->-r requirements.txt (line 9)) (4.60.1)
Requirement already satisfied: coverage>=7.10.6 in ./venv/lib/python3.9/site-packages (from coverage[toml]>=7.10.6->pytest-cov->-r requirements.txt (line 11)) (7.10.7)
Requirement already satisfied: pluggy>=1.2 in ./venv/lib/python3.9/site-packages (from pytest-cov->-r requirements.txt (line 11)) (1.6.0)
Requirement already satisfied: pytest>=7 in ./venv/lib/python3.9/site-packages (from pytest-cov->-r requirements.txt (line 11)) (8.4.2)
Requirement already satisfied: dnspython<3.0.0,>=1.16.0 in ./venv/lib/python3.9/site-packages (from pymongo->-r requirements.txt (line 12)) (2.7.0)
Requirement already satisfied: ecdsa!=0.15 in ./venv/lib/python3.9/site-packages (from python-jose[cryptography]->-r requirements.txt (line 18)) (0.19.1)
Requirement already satisfied: rsa!=4.1.1,!=4.4,<5.0,>=4.0 in ./venv/lib/python3.9/site-packages (from python-jose[cryptography]->-r requirements.txt (line 18)) (4.9.1)
Requirement already satisfied: pyasn1>=0.5.0 in ./venv/lib/python3.9/site-packages (from python-jose[cryptography]->-r requirements.txt (line 18)) (0.6.1)
Requirement already satisfied: bcrypt>=3.1.0 in ./venv/lib/python3.9/site-packages (from passlib[bcrypt]->-r requirements.txt (line 19)) (5.0.0)
Requirement already satisfied: charset_normalizer<4,>=2 in ./venv/lib/python3.9/site-packages (from requests->-r requirements.txt (line 21)) (3.4.3)
Requirement already satisfied: urllib3<3,>=1.21.1 in ./venv/lib/python3.9/site-packages (from requests->-r requirements.txt (line 21)) (2.5.0)
Requirement already satisfied: certifi>=2017.4.17 in ./venv/lib/python3.9/site-packages (from requests->-r requirements.txt (line 21)) (2025.10.5)
Requirement already satisfied: altgraph in ./venv/lib/python3.9/site-packages (from pyinstaller->-r requirements.txt (line 22)) (0.17.5)
Requirement already satisfied: importlib-metadata>=4.6 in ./venv/lib/python3.9/site-packages (from pyinstaller->-r requirements.txt (line 22)) (8.7.0)
Requirement already satisfied: macholib>=1.8 in ./venv/lib/python3.9/site-packages (from pyinstaller->-r requirements.txt (line 22)) (1.16.4)
Requirement already satisfied: packaging>=22.0 in ./venv/lib/python3.9/site-packages (from pyinstaller->-r requirements.txt (line 22)) (25.0)
Requirement already satisfied: pyinstaller-hooks-contrib>=2025.9 in ./venv/lib/python3.9/site-packages (from pyinstaller->-r requirements.txt (line 22)) (2025.10)
Requirement already satisfied: setuptools>=42.0.0 in ./venv/lib/python3.9/site-packages (from pyinstaller->-r requirements.txt (line 22)) (69.0.3)
Requirement already satisfied: pycparser in ./venv/lib/python3.9/site-packages (from cffi>=0.6->weasyprint->-r requirements.txt (line 9)) (2.23)
Requirement already satisfied: tomli in ./venv/lib/python3.9/site-packages (from coverage[toml]>=7.10.6->pytest-cov->-r requirements.txt (line 11)) (2.2.1)
Requirement already satisfied: webencodings in ./venv/lib/python3.9/site-packages (from cssselect2>=0.8.0->weasyprint->-r requirements.txt (line 9)) (0.5.1)
Requirement already satisfied: brotli>=1.0.1 in ./venv/lib/python3.9/site-packages (from fonttools[woff]>=4.0.0->weasyprint->-r requirements.txt (line 9)) (1.1.0)
Requirement already satisfied: zopfli>=0.1.4 in ./venv/lib/python3.9/site-packages (from fonttools[woff]>=4.0.0->weasyprint->-r requirements.txt (line 9)) (0.2.3.post1)
Requirement already satisfied: zipp>=3.20 in ./venv/lib/python3.9/site-packages (from importlib-metadata>=4.6->pyinstaller->-r requirements.txt (line 22)) (3.23.0)
Requirement already satisfied: iniconfig>=1 in ./venv/lib/python3.9/site-packages (from pytest>=7->pytest-cov->-r requirements.txt (line 11)) (2.1.0)
Requirement already satisfied: pygments>=2.7.2 in ./venv/lib/python3.9/site-packages (from pytest>=7->pytest-cov->-r requirements.txt (line 11)) (2.19.2)
Requirement already satisfied: pyinstaller in ./venv/lib/python3.9/site-packages (6.17.0)
Requirement already satisfied: altgraph in ./venv/lib/python3.9/site-packages (from pyinstaller) (0.17.5)
Requirement already satisfied: importlib-metadata>=4.6 in ./venv/lib/python3.9/site-packages (from pyinstaller) (8.7.0)
Requirement already satisfied: macholib>=1.8 in ./venv/lib/python3.9/site-packages (from pyinstaller) (1.16.4)
Requirement already satisfied: packaging>=22.0 in ./venv/lib/python3.9/site-packages (from pyinstaller) (25.0)
Requirement already satisfied: pyinstaller-hooks-contrib>=2025.9 in ./venv/lib/python3.9/site-packages (from pyinstaller) (2025.10)
Requirement already satisfied: setuptools>=42.0.0 in ./venv/lib/python3.9/site-packages (from pyinstaller) (69.0.3)
Requirement already satisfied: zipp>=3.20 in ./venv/lib/python3.9/site-packages (from importlib-metadata>=4.6->pyinstaller) (3.23.0)
🧹 Cleaning previous builds...
📝 Generating PyInstaller spec...
🔧 Building macOS app bundle...
203 INFO: PyInstaller: 6.17.0, contrib hooks: 2025.10
204 INFO: Python: 3.9.6
239 INFO: Platform: macOS-15.6-x86_64-i386-64bit
239 INFO: Python environment: /Users/hardikgoel/PycharmProjects/CompliSense-AI/venv
249 INFO: Module search paths (PYTHONPATH):
['/Library/Developer/CommandLineTools/Library/Frameworks/Python3.framework/Versions/3.9/lib/python39.zip',
 '/Library/Developer/CommandLineTools/Library/Frameworks/Python3.framework/Versions/3.9/lib/python3.9',
 '/Library/Developer/CommandLineTools/Library/Frameworks/Python3.framework/Versions/3.9/lib/python3.9/lib-dynload',
 '/Users/hardikgoel/PycharmProjects/CompliSense-AI/venv/lib/python3.9/site-packages',
 '/Users/hardikgoel/PycharmProjects/CompliSense-AI']
617 INFO: Appending 'datas' from .spec
618 INFO: checking Analysis
618 INFO: Building Analysis because Analysis-00.toc is non existent
618 INFO: Looking for Python shared library...
628 INFO: Using Python shared library: /Library/Developer/CommandLineTools/Library/Frameworks/Python3.framework/Versions/3.9/Python3
628 INFO: Running Analysis Analysis-00.toc
628 INFO: Target bytecode optimization level: 0
629 INFO: Initializing module dependency graph...
630 INFO: Initializing module graph hook caches...
644 INFO: Analyzing modules for base_library.zip ...
1269 INFO: Processing standard module hook 'hook-encodings.py' from '/Users/hardikgoel/PycharmProjects/CompliSense-AI/venv/lib/python3.9/site-packages/PyInstaller/hooks'
2520 INFO: Processing standard module hook 'hook-pickle.py' from '/Users/hardikgoel/PycharmProjects/CompliSense-AI/venv/lib/python3.9/site-packages/PyInstaller/hooks'
4229 INFO: Processing standard module hook 'hook-heapq.py' from '/Users/hardikgoel/PycharmProjects/CompliSense-AI/venv/lib/python3.9/site-packages/PyInstaller/hooks'
5386 INFO: Caching module dependency graph...
5656 INFO: Analyzing /Users/hardikgoel/PycharmProjects/CompliSense-AI/agent_gui.py
5678 INFO: Processing pre-find-module-path hook 'hook-tkinter.py' from '/Users/hardikgoel/PycharmProjects/CompliSense-AI/venv/lib/python3.9/site-packages/PyInstaller/hooks/pre_find_module_path'
5679 INFO: TclTkInfo: initializing cached Tcl/Tk info...
5830 INFO: TclTkInfo: using macOS system Tcl/Tk framework - not collecting data files.
6217 INFO: Processing standard module hook 'hook-_tkinter.py' from '/Users/hardikgoel/PycharmProjects/CompliSense-AI/venv/lib/python3.9/site-packages/PyInstaller/hooks'
8136 INFO: Processing standard module hook 'hook-dateutil.py' from '/Users/hardikgoel/PycharmProjects/CompliSense-AI/venv/lib/python3.9/site-packages/_pyinstaller_hooks_contrib/stdhooks'
8382 INFO: Processing pre-safe-import-module hook 'hook-six.moves.py' from '/Users/hardikgoel/PycharmProjects/CompliSense-AI/venv/lib/python3.9/site-packages/PyInstaller/hooks/pre_safe_import_module'
8551 INFO: Processing standard module hook 'hook-_ctypes.py' from '/Users/hardikgoel/PycharmProjects/CompliSense-AI/venv/lib/python3.9/site-packages/PyInstaller/hooks'
8749 INFO: Processing standard module hook 'hook-jinja2.py' from '/Users/hardikgoel/PycharmProjects/CompliSense-AI/venv/lib/python3.9/site-packages/_pyinstaller_hooks_contrib/stdhooks'
8785 INFO: Processing pre-safe-import-module hook 'hook-typing_extensions.py' from '/Users/hardikgoel/PycharmProjects/CompliSense-AI/venv/lib/python3.9/site-packages/PyInstaller/hooks/pre_safe_import_module'
8787 INFO: SetuptoolsInfo: initializing cached setuptools info...
9424 INFO: Processing standard module hook 'hook-multiprocessing.util.py' from '/Users/hardikgoel/PycharmProjects/CompliSense-AI/venv/lib/python3.9/site-packages/PyInstaller/hooks'
9579 INFO: Processing standard module hook 'hook-xml.py' from '/Users/hardikgoel/PycharmProjects/CompliSense-AI/venv/lib/python3.9/site-packages/PyInstaller/hooks'
10600 INFO: Processing standard module hook 'hook-weasyprint.py' from '/Users/hardikgoel/PycharmProjects/CompliSense-AI/venv/lib/python3.9/site-packages/_pyinstaller_hooks_contrib/stdhooks'
10627 WARNING: Fontconfig configuration files not found - weasyprint will likely throw warnings and use default fonts!
10659 INFO: Processing standard module hook 'hook-tinycss2.py' from '/Users/hardikgoel/PycharmProjects/CompliSense-AI/venv/lib/python3.9/site-packages/_pyinstaller_hooks_contrib/stdhooks'
10978 INFO: Processing standard module hook 'hook-xml.etree.cElementTree.py' from '/Users/hardikgoel/PycharmProjects/CompliSense-AI/venv/lib/python3.9/site-packages/PyInstaller/hooks'
11564 INFO: Processing standard module hook 'hook-pycparser.py' from '/Users/hardikgoel/PycharmProjects/CompliSense-AI/venv/lib/python3.9/site-packages/_pyinstaller_hooks_contrib/stdhooks'
11972 INFO: Processing pre-safe-import-module hook 'hook-distutils.py' from '/Users/hardikgoel/PycharmProjects/CompliSense-AI/venv/lib/python3.9/site-packages/PyInstaller/hooks/pre_safe_import_module'
11973 INFO: Processing pre-find-module-path hook 'hook-distutils.py' from '/Users/hardikgoel/PycharmProjects/CompliSense-AI/venv/lib/python3.9/site-packages/PyInstaller/hooks/pre_find_module_path'
12212 INFO: Processing standard module hook 'hook-distutils.py' from '/Users/hardikgoel/PycharmProjects/CompliSense-AI/venv/lib/python3.9/site-packages/PyInstaller/hooks'
12301 INFO: Processing standard module hook 'hook-_osx_support.py' from '/Users/hardikgoel/PycharmProjects/CompliSense-AI/venv/lib/python3.9/site-packages/PyInstaller/hooks'
12368 INFO: Processing standard module hook 'hook-distutils.util.py' from '/Users/hardikgoel/PycharmProjects/CompliSense-AI/venv/lib/python3.9/site-packages/PyInstaller/hooks'
12388 INFO: Processing standard module hook 'hook-sysconfig.py' from '/Users/hardikgoel/PycharmProjects/CompliSense-AI/venv/lib/python3.9/site-packages/PyInstaller/hooks'
12689 INFO: Processing standard module hook 'hook-platform.py' from '/Users/hardikgoel/PycharmProjects/CompliSense-AI/venv/lib/python3.9/site-packages/PyInstaller/hooks'
13054 INFO: Processing standard module hook 'hook-pyphen.py' from '/Users/hardikgoel/PycharmProjects/CompliSense-AI/venv/lib/python3.9/site-packages/_pyinstaller_hooks_contrib/stdhooks'
13189 INFO: Processing standard module hook 'hook-difflib.py' from '/Users/hardikgoel/PycharmProjects/CompliSense-AI/venv/lib/python3.9/site-packages/PyInstaller/hooks'
15554 INFO: Processing standard module hook 'hook-PIL.py' from '/Users/hardikgoel/PycharmProjects/CompliSense-AI/venv/lib/python3.9/site-packages/PyInstaller/hooks'
15673 INFO: Processing standard module hook 'hook-PIL.Image.py' from '/Users/hardikgoel/PycharmProjects/CompliSense-AI/venv/lib/python3.9/site-packages/PyInstaller/hooks'
15904 INFO: Processing standard module hook 'hook-numpy.py' from '/Users/hardikgoel/PycharmProjects/CompliSense-AI/venv/lib/python3.9/site-packages/PyInstaller/hooks'
17533 INFO: Processing standard module hook 'hook-charset_normalizer.py' from '/Users/hardikgoel/PycharmProjects/CompliSense-AI/venv/lib/python3.9/site-packages/_pyinstaller_hooks_contrib/stdhooks'
18060 INFO: Processing standard module hook 'hook-PIL.ImageFilter.py' from '/Users/hardikgoel/PycharmProjects/CompliSense-AI/venv/lib/python3.9/site-packages/PyInstaller/hooks'
19234 INFO: Analyzing hidden import 'agent.rules.evaluators'
19235 ERROR: Hidden import 'agent.rules.evaluators' not found
19235 INFO: Analyzing hidden import 'agent.db'
19235 INFO: Analyzing hidden import 'agent.db.mongo'
19641 INFO: Processing standard module hook 'hook-cryptography.py' from '/Users/hardikgoel/PycharmProjects/CompliSense-AI/venv/lib/python3.9/site-packages/_pyinstaller_hooks_contrib/stdhooks'
20349 INFO: hook-cryptography: cryptography does not seem to be using dynamically linked OpenSSL.
20689 INFO: Processing standard module hook 'hook-bcrypt.py' from '/Users/hardikgoel/PycharmProjects/CompliSense-AI/venv/lib/python3.9/site-packages/_pyinstaller_hooks_contrib/stdhooks'
20737 INFO: Processing standard module hook 'hook-urllib3.py' from '/Users/hardikgoel/PycharmProjects/CompliSense-AI/venv/lib/python3.9/site-packages/_pyinstaller_hooks_contrib/stdhooks'
21407 INFO: Processing standard module hook 'hook-certifi.py' from '/Users/hardikgoel/PycharmProjects/CompliSense-AI/venv/lib/python3.9/site-packages/_pyinstaller_hooks_contrib/stdhooks'
21757 INFO: Processing standard module hook 'hook-dns.rdata.py' from '/Users/hardikgoel/PycharmProjects/CompliSense-AI/venv/lib/python3.9/site-packages/_pyinstaller_hooks_contrib/stdhooks'
22559 INFO: Processing standard module hook 'hook-anyio.py' from '/Users/hardikgoel/PycharmProjects/CompliSense-AI/venv/lib/python3.9/site-packages/_pyinstaller_hooks_contrib/stdhooks'
24429 INFO: Analyzing hidden import 'pydantic'
24436 INFO: Processing standard module hook 'hook-pydantic.py' from '/Users/hardikgoel/PycharmProjects/CompliSense-AI/venv/lib/python3.9/site-packages/_pyinstaller_hooks_contrib/stdhooks'
/Users/hardikgoel/PycharmProjects/CompliSense-AI/venv/lib/python3.9/site-packages/pydantic/experimental/__init__.py:7: PydanticExperimentalWarning: This module is experimental, its contents are subject to change and deprecation.
  warnings.warn(
25221 INFO: Processing standard module hook 'hook-zoneinfo.py' from '/Users/hardikgoel/PycharmProjects/CompliSense-AI/venv/lib/python3.9/site-packages/_pyinstaller_hooks_contrib/stdhooks'
26042 INFO: Analyzing hidden import 'jsonschema'
26044 INFO: Processing standard module hook 'hook-jsonschema.py' from '/Users/hardikgoel/PycharmProjects/CompliSense-AI/venv/lib/python3.9/site-packages/_pyinstaller_hooks_contrib/stdhooks'
26300 INFO: Processing standard module hook 'hook-jsonschema_specifications.py' from '/Users/hardikgoel/PycharmProjects/CompliSense-AI/venv/lib/python3.9/site-packages/_pyinstaller_hooks_contrib/stdhooks'
26314 INFO: Processing pre-safe-import-module hook 'hook-importlib_resources.py' from '/Users/hardikgoel/PycharmProjects/CompliSense-AI/venv/lib/python3.9/site-packages/PyInstaller/hooks/pre_safe_import_module'
26346 INFO: Processing module hooks (post-graph stage)...
26347 INFO: Processing standard module hook 'hook-tinycss2.py' from '/Users/hardikgoel/PycharmProjects/CompliSense-AI/venv/lib/python3.9/site-packages/_pyinstaller_hooks_contrib/stdhooks'
26425 INFO: Processing pre-safe-import-module hook 'hook-tomli.py' from '/Users/hardikgoel/PycharmProjects/CompliSense-AI/venv/lib/python3.9/site-packages/PyInstaller/hooks/pre_safe_import_module'
26761 INFO: Processing pre-safe-import-module hook 'hook-packaging.py' from '/Users/hardikgoel/PycharmProjects/CompliSense-AI/venv/lib/python3.9/site-packages/PyInstaller/hooks/pre_safe_import_module'
26825 INFO: Processing standard module hook 'hook-_tkinter.py' from '/Users/hardikgoel/PycharmProjects/CompliSense-AI/venv/lib/python3.9/site-packages/PyInstaller/hooks'
27140 INFO: Processing standard module hook 'hook-PIL.SpiderImagePlugin.py' from '/Users/hardikgoel/PycharmProjects/CompliSense-AI/venv/lib/python3.9/site-packages/PyInstaller/hooks'
27232 WARNING: Hidden import "setuptools._distutils" not found!
27253 INFO: Performing binary vs. data reclassification (142 entries)
27328 INFO: Looking for ctypes DLLs
27332 WARNING: Library user32 required via ctypes not found
27347 INFO: Analyzing run-time hooks ...
27357 INFO: Including run-time hook 'pyi_rth_inspect.py' from '/Users/hardikgoel/PycharmProjects/CompliSense-AI/venv/lib/python3.9/site-packages/PyInstaller/hooks/rthooks'
27360 INFO: Including run-time hook 'pyi_rth_pkgutil.py' from '/Users/hardikgoel/PycharmProjects/CompliSense-AI/venv/lib/python3.9/site-packages/PyInstaller/hooks/rthooks'
27362 INFO: Including run-time hook 'pyi_rth_multiprocessing.py' from '/Users/hardikgoel/PycharmProjects/CompliSense-AI/venv/lib/python3.9/site-packages/PyInstaller/hooks/rthooks'
27364 INFO: Including run-time hook 'pyi_rth_cryptography_openssl.py' from '/Users/hardikgoel/PycharmProjects/CompliSense-AI/venv/lib/python3.9/site-packages/_pyinstaller_hooks_contrib/rthooks'
27365 INFO: Including run-time hook 'pyi_rth__tkinter.py' from '/Users/hardikgoel/PycharmProjects/CompliSense-AI/venv/lib/python3.9/site-packages/PyInstaller/hooks/rthooks'
27403 INFO: Creating base_library.zip...
27431 INFO: Looking for dynamic libraries
28343 INFO: Warnings written to /Users/hardikgoel/PycharmProjects/CompliSense-AI/build/CompliSenseAgent/warn-CompliSenseAgent.txt
28473 INFO: Graph cross-reference written to /Users/hardikgoel/PycharmProjects/CompliSense-AI/build/CompliSenseAgent/xref-CompliSenseAgent.html
28773 INFO: checking PYZ
28773 INFO: Building PYZ because PYZ-00.toc is non existent
28773 INFO: Building PYZ (ZlibArchive) /Users/hardikgoel/PycharmProjects/CompliSense-AI/build/CompliSenseAgent/PYZ-00.pyz
29712 INFO: Building PYZ (ZlibArchive) /Users/hardikgoel/PycharmProjects/CompliSense-AI/build/CompliSenseAgent/PYZ-00.pyz completed successfully.
29757 INFO: EXE target arch: x86_64
29757 INFO: Code signing identity: None
29762 INFO: checking PKG
29762 INFO: Building PKG because PKG-00.toc is non existent
29762 INFO: Building PKG (CArchive) CompliSenseAgent.pkg
29787 INFO: Building PKG (CArchive) CompliSenseAgent.pkg completed successfully.
29788 INFO: Bootloader /Users/hardikgoel/PycharmProjects/CompliSense-AI/venv/lib/python3.9/site-packages/PyInstaller/bootloader/Darwin-64bit/runw
29788 INFO: checking EXE
29788 INFO: Building EXE because EXE-00.toc is non existent
29788 INFO: Building EXE from EXE-00.toc
29788 INFO: Copying bootloader EXE to /Users/hardikgoel/PycharmProjects/CompliSense-AI/build/CompliSenseAgent/CompliSenseAgent
29790 INFO: Converting EXE to target arch (x86_64)
29819 INFO: Removing signature(s) from EXE
29849 INFO: Modifying Mach-O image UUID(s) in EXE
29865 INFO: Appending PKG archive to EXE
29877 INFO: Fixing EXE headers for code signing
29886 INFO: Rewriting the executable's macOS SDK version (15.5.0) to match the SDK version of the Python library (15.4.0) in order to avoid inconsistent behavior and potential UI issues in the frozen application.
29889 INFO: Re-signing the EXE
29969 INFO: Building EXE from EXE-00.toc completed successfully.
29975 INFO: checking COLLECT
29975 INFO: Building COLLECT because COLLECT-00.toc is non existent
29975 INFO: Building COLLECT COLLECT-00.toc
32510 INFO: Building COLLECT COLLECT-00.toc completed successfully.
32523 INFO: checking BUNDLE
32523 INFO: Building BUNDLE because BUNDLE-00.toc is non existent
32523 INFO: Building BUNDLE BUNDLE-00.toc
45531 INFO: Signing the BUNDLE...
45866 INFO: Building BUNDLE BUNDLE-00.toc completed successfully.
45876 INFO: Build complete! The results are available in: /Users/hardikgoel/PycharmProjects/CompliSense-AI/dist

✅ Build successful!
==========================================
App location: dist/CompliSenseAgent.app

To test the app:
  1. Remove quarantine: xattr -dr com.apple.quarantine dist/CompliSenseAgent.app
  2. Double-click: open dist/CompliSenseAgent.app

To create a distributable ZIP:
  cd dist && zip -r CompliSenseAgent-macos.zip CompliSenseAgent.app

